<<<<<<< HEAD
22Y-09-13 19:12:24:1224 - [31merror[39m: [31mERRO no sistema: Cast to ObjectId failed for value "e" (type string) at path "_id" for model "Nivie"[39m
22Y-09-13 19:12:27:1227 - [31merror[39m: [31mERRO no sistema: Cast to ObjectId failed for value "e" (type string) at path "_id" for model "Nivie"[39m
22Y-09-13 19:12:33:1233 - [31merror[39m: [31mERRO no sistema: Cast to ObjectId failed for value "e" (type string) at path "_id" for model "Nivie"[39m
22Y-09-13 19:13:38:1338 - [31merror[39m: [31mERRO no sistema: Cast to ObjectId failed for value "t" (type string) at path "_id" for model "Nivie"[39m
22Y-09-13 19:17:40:1740 - [31merror[39m: [31mERRO no sistema: Cast to ObjectId failed for value "632100a3c7c8bf68e14d746" (type string) at path "_id" for model "Nivie"[39m
22Y-09-13 19:19:01:191 - [31merror[39m: [31mERRO no sistema: Cast to ObjectId failed for value "s" (type string) at path "_id" for model "Nivie"[39m
22Y-09-13 19:20:33:2033 - [31merror[39m: [31mERRO no sistema: Cast to ObjectId failed for value "s" (type string) at path "_id" for model "Movie"[39m
22Y-09-13 19:22:05:225 - [31merror[39m: [31mERRO no sistema: Cast to ObjectId failed for value "s" (type string) at path "_id" for model "Movie"[39m
22Y-09-13 19:22:05:225 - [31merror[39m: [31mERRO no sistema: Cast to ObjectId failed for value "s" (type string) at path "_id" for model "Movie"[39m
22Y-09-13 19:22:40:2240 - [31merror[39m: [31mERRO no sistema: Cast to ObjectId failed for value "632102a39065e84e9640e42" (type string) at path "_id" for model "Movie"[39m
22Y-09-14 18:08:41:841 - [31merror[39m: [31mERRO no sistema: Cast to ObjectId failed for value "as" (type string) at path "_id" for model "Movie"[39m
22Y-09-14 18:08:41:841 - [31merror[39m: [31mERRO no sistema: Cast to ObjectId failed for value "as" (type string) at path "_id" for model "Movie"[39m
=======
22Y-09-27 18:08:38:838 - [31merror[39m: [31mNão foi possivel conectar ao Banco[39m
22Y-09-27 18:09:24:924 - [31merror[39m: [31mNão foi possivel conectar ao Banco[39m
22Y-09-27 18:12:12:1212 - [31merror[39m: [31mNão foi possivel conectar ao Banco[39m
22Y-09-28 16:57:24:5724 - [31merror[39m: [31mNão foi possivel conectar ao Banco[39m
>>>>>>> 82d44c10603db357b12e9d1cd2e00941f75755fb
22Y-09-29 16:52:52:5252 - [31merror[39m: [31mNão foi possivel conectar ao Banco[39m
22Y-09-29 16:53:17:5317 - [31merror[39m: [31mNão foi possivel conectar ao Banco[39m
22Y-09-29 18:32:21:3221 - [31merror[39m: [31mNão foi possivel conectar ao Banco[39m
22Y-09-30 16:44:53:4453 - [31merror[39m: [31mNão foi possivel conectar ao Banco[39m
